<?xml version="1.0" encoding="UTF-8"?>
<!-- Generated by org.testng.reporters.JUnitXMLReporter -->
<testsuite hostname="LVLFCPAB000385" ignored="0" name="Test" tests="6" failures="0" timestamp="25 Nov 2017 14:16:26 GMT" time="11.468" errors="0">
  <testcase name="testLogin" time="6.446" classname="testCases.HybridExecuteTest"/>
  <testcase name="testLogin" time="1.755" classname="testCases.HybridExecuteTest"/>
  <testcase name="testLogin" time="1.584" classname="testCases.HybridExecuteTest"/>
  <testcase name="testLogin" time="0.12" classname="testCases.HybridExecuteTest"/>
  <testcase name="testLogin" time="0.11" classname="testCases.HybridExecuteTest"/>
  <testcase name="testLogin" time="0.912" classname="testCases.HybridExecuteTest"/>
</testsuite> <!-- Test -->
