<?xml version="1.0" encoding="UTF-8"?>
<testsuite xmlns:xsi="http://www.w3.org/2001/XMLSchema-instance" xsi:noNamespaceSchemaLocation="https://maven.apache.org/surefire/maven-surefire-plugin/xsd/surefire-test-report.xsd" name="TestSuite" time="12.108" tests="6" errors="0" skipped="0" failures="0">
  <properties>
[...]
</properties>
  <testcase name="testLogin" classname="testCases.HybridExecuteTest" time="6.447"/>
  <testcase name="testLogin" classname="testCases.HybridExecuteTest" time="1.751"/>
  <testcase name="testLogin" classname="testCases.HybridExecuteTest" time="1.588"/>
  <testcase name="testLogin" classname="testCases.HybridExecuteTest" time="0.118"/>
  <testcase name="testLogin" classname="testCases.HybridExecuteTest" time="0.112"/>
  <testcase name="testLogin" classname="testCases.HybridExecuteTest" time="0.913"/>
</testsuite>