<?xml version="1.0" encoding="UTF-8"?>
<testng-results skipped="0" failed="0" ignored="0" total="6" passed="6">
  <reporter-output>
  </reporter-output>
  <suite name="Suite" duration-ms="11468" started-at="2017-11-25T14:16:14Z" finished-at="2017-11-25T14:16:26Z">
    <groups>
    </groups>
    <test name="Test" duration-ms="11468" started-at="2017-11-25T14:16:14Z" finished-at="2017-11-25T14:16:26Z">
      <class name="testCases.HybridExecuteTest">
        <test-method status="PASS" signature="testLogin(java.lang.String, java.lang.String, java.lang.String, java.lang.String, java.lang.String)[pri:0, instance:testCases.HybridExecuteTest@6108b2d7]" name="testLogin" duration-ms="6446" started-at="2017-11-25T09:16:15Z" data-provider="hybridData" finished-at="2017-11-25T09:16:21Z">
          <params>
            <param index="0">
              <value>
                <![CDATA[Login In Application]]>
              </value>
            </param>
            <param index="1">
              <value>
                <![CDATA[]]>
              </value>
            </param>
            <param index="2">
              <value>
                <![CDATA[]]>
              </value>
            </param>
            <param index="3">
              <value>
                <![CDATA[]]>
              </value>
            </param>
            <param index="4">
              <value>
                <![CDATA[]]>
              </value>
            </param>
          </params>
          <reporter-output>
          </reporter-output>
        </test-method> <!-- testLogin -->
        <test-method status="PASS" signature="testLogin(java.lang.String, java.lang.String, java.lang.String, java.lang.String, java.lang.String)[pri:0, instance:testCases.HybridExecuteTest@6108b2d7]" name="testLogin" duration-ms="1755" started-at="2017-11-25T09:16:21Z" data-provider="hybridData" finished-at="2017-11-25T09:16:23Z">
          <params>
            <param index="0">
              <value>
                <![CDATA[]]>
              </value>
            </param>
            <param index="1">
              <value>
                <![CDATA[GOTOURL]]>
              </value>
            </param>
            <param index="2">
              <value>
                <![CDATA[]]>
              </value>
            </param>
            <param index="3">
              <value>
                <![CDATA[]]>
              </value>
            </param>
            <param index="4">
              <value>
                <![CDATA[url]]>
              </value>
            </param>
          </params>
          <reporter-output>
          </reporter-output>
        </test-method> <!-- testLogin -->
        <test-method status="PASS" signature="testLogin(java.lang.String, java.lang.String, java.lang.String, java.lang.String, java.lang.String)[pri:0, instance:testCases.HybridExecuteTest@6108b2d7]" name="testLogin" duration-ms="1584" started-at="2017-11-25T09:16:23Z" data-provider="hybridData" finished-at="2017-11-25T09:16:25Z">
          <params>
            <param index="0">
              <value>
                <![CDATA[]]>
              </value>
            </param>
            <param index="1">
              <value>
                <![CDATA[CLICK]]>
              </value>
            </param>
            <param index="2">
              <value>
                <![CDATA[signin_button]]>
              </value>
            </param>
            <param index="3">
              <value>
                <![CDATA[XPATH]]>
              </value>
            </param>
            <param index="4">
              <value>
                <![CDATA[]]>
              </value>
            </param>
          </params>
          <reporter-output>
          </reporter-output>
        </test-method> <!-- testLogin -->
        <test-method status="PASS" signature="testLogin(java.lang.String, java.lang.String, java.lang.String, java.lang.String, java.lang.String)[pri:0, instance:testCases.HybridExecuteTest@6108b2d7]" name="testLogin" duration-ms="120" started-at="2017-11-25T09:16:25Z" data-provider="hybridData" finished-at="2017-11-25T09:16:25Z">
          <params>
            <param index="0">
              <value>
                <![CDATA[]]>
              </value>
            </param>
            <param index="1">
              <value>
                <![CDATA[SETTEXT]]>
              </value>
            </param>
            <param index="2">
              <value>
                <![CDATA[usernamne_textbox]]>
              </value>
            </param>
            <param index="3">
              <value>
                <![CDATA[XPATH]]>
              </value>
            </param>
            <param index="4">
              <value>
                <![CDATA[test]]>
              </value>
            </param>
          </params>
          <reporter-output>
          </reporter-output>
        </test-method> <!-- testLogin -->
        <test-method status="PASS" signature="testLogin(java.lang.String, java.lang.String, java.lang.String, java.lang.String, java.lang.String)[pri:0, instance:testCases.HybridExecuteTest@6108b2d7]" name="testLogin" duration-ms="110" started-at="2017-11-25T09:16:25Z" data-provider="hybridData" finished-at="2017-11-25T09:16:25Z">
          <params>
            <param index="0">
              <value>
                <![CDATA[]]>
              </value>
            </param>
            <param index="1">
              <value>
                <![CDATA[SETTEXT]]>
              </value>
            </param>
            <param index="2">
              <value>
                <![CDATA[password_textbox]]>
              </value>
            </param>
            <param index="3">
              <value>
                <![CDATA[XPATH]]>
              </value>
            </param>
            <param index="4">
              <value>
                <![CDATA[test]]>
              </value>
            </param>
          </params>
          <reporter-output>
          </reporter-output>
        </test-method> <!-- testLogin -->
        <test-method status="PASS" signature="testLogin(java.lang.String, java.lang.String, java.lang.String, java.lang.String, java.lang.String)[pri:0, instance:testCases.HybridExecuteTest@6108b2d7]" name="testLogin" duration-ms="912" started-at="2017-11-25T09:16:25Z" data-provider="hybridData" finished-at="2017-11-25T09:16:26Z">
          <params>
            <param index="0">
              <value>
                <![CDATA[]]>
              </value>
            </param>
            <param index="1">
              <value>
                <![CDATA[CLICK]]>
              </value>
            </param>
            <param index="2">
              <value>
                <![CDATA[signin]]>
              </value>
            </param>
            <param index="3">
              <value>
                <![CDATA[XPATH]]>
              </value>
            </param>
            <param index="4">
              <value>
                <![CDATA[]]>
              </value>
            </param>
          </params>
          <reporter-output>
          </reporter-output>
        </test-method> <!-- testLogin -->
      </class> <!-- testCases.HybridExecuteTest -->
    </test> <!-- Test -->
  </suite> <!-- Suite -->
</testng-results>
